C51 COMPILER V7.05   KEYPAD                                                                10/15/2019 17:32:08 PAGE 1   


C51 COMPILER V7.05, COMPILATION OF MODULE KEYPAD
OBJECT MODULE PLACED IN Keypad.OBJ
COMPILER INVOKED BY: D:\Keil\C51\BIN\C51.EXE Keypad.c DB OE BR INCDIR(C:\SiLabs\MCU\Inc)

stmt level    source

   1          /*==============================================================================================*/
   2          /* RIGHTS      : Acorn Embedded Systems India (Pvt) Ltd.
   3                                         www.acornindia.com       
   4          /* File Name   :Keypad.c
   5          /* Description:Key pad routines                                                    */
   6          /* Developed by: Nagarjuna Reddy.G,
   7                                           nagarjuna@sorokasoft.com
   8          /* HISTORY     : V1.00    AA    10-DEC-2005
   9          /*================================================================================================= */
  10          
  11          
  12          #include "functions.h"
  13          
  14          
  15          #ifdef EXTERNAL_CLK
  16          #define DEBOUNCE_DELAY 35
  17          #else
              #define DEBOUNCE_DELAY 150
              #endif
  20          
  21          
  22          volatile unsigned char RowSelect=0;
  23          
  24          void Keydelay(unsigned int count)
  25          {
  26   1              while(count--);
  27   1      }
  28          void Delayms(unsigned char count)
  29          {
  30   1              while(count--)
  31   1                      Keydelay(0x7a0);
  32   1      }
  33          
  34          void NOPS()
  35          {
  36   1              _nop_();
  37   1              _nop_();
  38   1              _nop_();
  39   1              _nop_();
  40   1      }
  41          
  42          //Scan key pad which key pressed
  43          //return - key value  
  44          //return - -1 when key is not pressed
  45          char ScanKeyPad()
  46          {
  47   1              char SFRPAGE_SAVE = SFRPAGE;
  48   1              SFRPAGE = CONFIG_PAGE;
  49   1      
  50   1              ROW1 = 0;  //Check Row 1
  51   1              ROW2 = 1;
  52   1              ROW3 = 1;
  53   1              ROW4 = 1;
  54   1      #ifdef EXTERNAL_CLK
  55   1              NOPS();
C51 COMPILER V7.05   KEYPAD                                                                10/15/2019 17:32:08 PAGE 2   

  56   1      #else
                      NOPS();
                      NOPS();
                      NOPS();
              #endif
  61   1      
  62   1              if(COLUMN1 == 0)  //check column1
  63   1              {
  64   2                      Delayms(DEBOUNCE_DELAY);
  65   2                      while(COLUMN1 != 1);
  66   2                      return FIRST_KEY;
  67   2              }
  68   1              else if(COLUMN2 == 0)
  69   1              {
  70   2                      Delayms(DEBOUNCE_DELAY);
  71   2                      while(COLUMN2 != 1);
  72   2                      return SECOND_KEY;
  73   2              }
  74   1              else if(COLUMN3 == 0)
  75   1              {
  76   2                      Delayms(DEBOUNCE_DELAY);
  77   2                      while(COLUMN3 != 1);
  78   2                      return THIRD_KEY;
  79   2              }
  80   1              else if(COLUMN4 == 0)
  81   1              {
  82   2                      Delayms(DEBOUNCE_DELAY);
  83   2                      while(COLUMN4 != 1);
  84   2                      return RIGHT_ARROW_KEY;
  85   2              }
  86   1      
  87   1              SFRPAGE = CONFIG_PAGE;
  88   1      
  89   1              ROW1 = 1; //Check Row 1
  90   1              ROW2 = 0;
  91   1              ROW3 = 1;
  92   1              ROW4 = 1;
  93   1      #ifdef EXTERNAL_CLK
  94   1              NOPS();
  95   1      #else
                      NOPS();
                      NOPS();
                      NOPS();
              #endif
 100   1      
 101   1              if(COLUMN1 == 0)
 102   1              {
 103   2                      Delayms(DEBOUNCE_DELAY);
 104   2                      while(COLUMN1 != 1);
 105   2                      return FOURTH_KEY;
 106   2              }
 107   1              else if(COLUMN2 == 0)
 108   1              {
 109   2                      Delayms(DEBOUNCE_DELAY);
 110   2                      while(COLUMN2 != 1);
 111   2                      return FIFTH_KEY;
 112   2              }
 113   1              else if(COLUMN3 == 0)
 114   1              {
 115   2                      Delayms(DEBOUNCE_DELAY);
 116   2                      while(COLUMN3 != 1);
 117   2                      return SIXTH_KEY;
C51 COMPILER V7.05   KEYPAD                                                                10/15/2019 17:32:08 PAGE 3   

 118   2              }
 119   1              else if(COLUMN4 == 0)
 120   1              {
 121   2                      Delayms(DEBOUNCE_DELAY);
 122   2                      while(COLUMN4 != 1);
 123   2                      return LEFT_ARROW_KEY;
 124   2              }
 125   1      
 126   1              SFRPAGE = CONFIG_PAGE;
 127   1      
 128   1              ROW1 = 1;  //check ROW2
 129   1              ROW2 = 1;
 130   1              ROW3 = 0;
 131   1              ROW4 = 1;
 132   1      
 133   1      #ifdef EXTERNAL_CLK
 134   1              NOPS();
 135   1      #else
                      NOPS();
                      NOPS();
                      NOPS();
              #endif
 140   1      
 141   1              if(COLUMN1 == 0)
 142   1              {
 143   2                      Delayms(DEBOUNCE_DELAY);
 144   2                      while(COLUMN1 != 1);
 145   2                      return SEVENTH_KEY;
 146   2              }
 147   1      
 148   1              else if(COLUMN2 == 0)
 149   1              {
 150   2                      Delayms(DEBOUNCE_DELAY);
 151   2                      while(COLUMN2 != 1);
 152   2                      return EIGHTH_KEY;
 153   2              }
 154   1              else if(COLUMN3 == 0)
 155   1              {
 156   2                      Delayms(DEBOUNCE_DELAY);
 157   2                      while(COLUMN3 != 1);
 158   2                      return NINTH_KEY;
 159   2              }
 160   1              else if(COLUMN4 == 0)
 161   1              {
 162   2                      Delayms(DEBOUNCE_DELAY);
 163   2                      while(COLUMN4 != 1);
 164   2                      return DECIMAL_POINT_KEY;
 165   2              }
 166   1      
 167   1              SFRPAGE = CONFIG_PAGE;
 168   1      
 169   1              ROW1 = 1;               //Check Row3
 170   1              ROW2 = 1;
 171   1              ROW3 = 1;
 172   1              ROW4 = 0;
 173   1        #ifdef EXTERNAL_CLK
 174   1              NOPS();
 175   1      #else
                      NOPS();
                      NOPS();
                      NOPS();
              #endif
C51 COMPILER V7.05   KEYPAD                                                                10/15/2019 17:32:08 PAGE 4   

 180   1      
 181   1              if(COLUMN1 == 0)
 182   1              {
 183   2                      Delayms(DEBOUNCE_DELAY);
 184   2                      while(COLUMN1 != 1);
 185   2                      return ENTER_KEY;
 186   2              }
 187   1              else if(COLUMN2 == 0)
 188   1              {
 189   2                      Delayms(DEBOUNCE_DELAY);
 190   2                      while(COLUMN2 != 1);
 191   2                      return ZERO_KEY;
 192   2              }
 193   1              else if(COLUMN3 == 0)
 194   1              {
 195   2                      Delayms(DEBOUNCE_DELAY);
 196   2                      while(COLUMN3 != 1);
 197   2                      return CLEAR_KEY;
 198   2              }
 199   1              else if(COLUMN4 ==0)
 200   1              {
 201   2                      Delayms(DEBOUNCE_DELAY);
 202   2                      while(COLUMN4 != 1);
 203   2                      return RESET_KEY;
 204   2              }
 205   1              SFRPAGE = SFRPAGE_SAVE;
 206   1              return -1;
 207   1      }
 208                          


MODULE INFORMATION:   STATIC OVERLAYABLE
   CODE SIZE        =    321    ----
   CONSTANT SIZE    =   ----    ----
   XDATA SIZE       =   ----    ----
   PDATA SIZE       =   ----    ----
   DATA SIZE        =      1    ----
   IDATA SIZE       =   ----    ----
   BIT SIZE         =   ----    ----
END OF MODULE INFORMATION.


C51 COMPILATION COMPLETE.  0 WARNING(S),  0 ERROR(S)
